0 info it worked if it ends with ok
1 verbose cli [ 'C:\\Program Files\\nodejs\\node.exe',
1 verbose cli   'C:\\Program Files\\nodejs\\node_modules\\npm\\bin\\npm-cli.js',
1 verbose cli   'publish' ]
2 info using npm@3.10.8
3 info using node@v6.9.1
4 verbose publish [ '.' ]
5 silly cache add args [ '.', null ]
6 verbose cache add spec .
7 silly cache add parsed spec Result {
7 silly cache add   raw: '.',
7 silly cache add   scope: null,
7 silly cache add   escapedName: null,
7 silly cache add   name: null,
7 silly cache add   rawSpec: '.',
7 silly cache add   spec: 'D:\\Dokumenty\\_Freelancing\\___dev_projects\\originatePack',
7 silly cache add   type: 'directory' }
8 verbose addLocalDirectory C:\Users\tehai\AppData\Roaming\npm-cache\originatePack\0.0.4\package.tgz not in flight; packing
9 verbose correctMkdir C:\Users\tehai\AppData\Roaming\npm-cache correctMkdir not in flight; initializing
10 info lifecycle originatePack@0.0.4~prepublish: originatePack@0.0.4
11 silly lifecycle originatePack@0.0.4~prepublish: no script for prepublish, continuing
12 verbose tar pack [ 'C:\\Users\\tehai\\AppData\\Roaming\\npm-cache\\originatePack\\0.0.4\\package.tgz',
12 verbose tar pack   'D:\\Dokumenty\\_Freelancing\\___dev_projects\\originatePack' ]
13 verbose tarball C:\Users\tehai\AppData\Roaming\npm-cache\originatePack\0.0.4\package.tgz
14 verbose folder D:\Dokumenty\_Freelancing\___dev_projects\originatePack
15 verbose addLocalTarball adding from inside cache C:\Users\tehai\AppData\Roaming\npm-cache\originatePack\0.0.4\package.tgz
16 verbose correctMkdir C:\Users\tehai\AppData\Roaming\npm-cache correctMkdir not in flight; initializing
17 silly cache afterAdd originatePack@0.0.4
18 verbose afterAdd C:\Users\tehai\AppData\Roaming\npm-cache\originatePack\0.0.4\package\package.json not in flight; writing
19 verbose correctMkdir C:\Users\tehai\AppData\Roaming\npm-cache correctMkdir not in flight; initializing
20 verbose afterAdd C:\Users\tehai\AppData\Roaming\npm-cache\originatePack\0.0.4\package\package.json written
21 silly publish { name: 'originatePack',
21 silly publish   version: '0.0.4',
21 silly publish   description: 'Simple boilerplate for web apps. It\'s fast and it\'s simple - that makes it a good way to start things. Based on jQuery, Vue, Vuex and Webpack - with ES2015 support.',
21 silly publish   repository:
21 silly publish    { type: 'git',
21 silly publish      url: 'git+https://github.com/tehaiks/originatePack.git' },
21 silly publish   main: 'dist/index.html',
21 silly publish   license: 'MIT',
21 silly publish   dependencies:
21 silly publish    { 'autoprefixer-loader': '^3.2.0',
21 silly publish      'babel-core': '^6.21.0',
21 silly publish      'babel-loader': '^6.2.10',
21 silly publish      'babel-preset-es2015': '^6.18.0',
21 silly publish      'clean-webpack-plugin': '^0.1.15',
21 silly publish      'css-loader': '^0.26.1',
21 silly publish      'extract-text-webpack-plugin': '^1.0.1',
21 silly publish      'html-webpack-plugin': '^2.26.0',
21 silly publish      jquery: '^3.1.1',
21 silly publish      less: '^2.7.2',
21 silly publish      'less-loader': '^2.2.3',
21 silly publish      'nyan-progress-webpack-plugin': '^1.1.4',
21 silly publish      'script-loader': '^0.7.0',
21 silly publish      'style-loader': '^0.13.1',
21 silly publish      vue: '^2.1.8',
21 silly publish      'vue-router': '^2.1.1',
21 silly publish      vuex: '^2.1.1',
21 silly publish      webpack: '^1.14.0',
21 silly publish      'webpack-bundle-analyzer': '^2.2.1',
21 silly publish      'webpack-livereload-plugin': '^0.10.0' },
21 silly publish   readme: '# originatePack\r\nSimple boilerplate for web apps. It\'s fast and it\'s simple - that makes it a good way to start things. Based on jQuery, Vue, Vuex and Webpack - with ES2015 support.\r\n',
21 silly publish   readmeFilename: 'README.md',
21 silly publish   gitHead: '6e39f65e8e6120fcea86f1f13aa464352e5385e3',
21 silly publish   bugs: { url: 'https://github.com/tehaiks/originatePack/issues' },
21 silly publish   homepage: 'https://github.com/tehaiks/originatePack#readme',
21 silly publish   _id: 'originatePack@0.0.4',
21 silly publish   scripts: {},
21 silly publish   _shasum: '9b1674017c8abd02b5cea019920e3bd98546ac6d',
21 silly publish   _from: '.' }
22 verbose getPublishConfig undefined
23 silly mapToRegistry name originatePack
24 silly mapToRegistry using default registry
25 silly mapToRegistry registry https://registry.npmjs.org/
26 silly mapToRegistry data Result {
26 silly mapToRegistry   raw: 'originatePack',
26 silly mapToRegistry   scope: null,
26 silly mapToRegistry   escapedName: 'originatePack',
26 silly mapToRegistry   name: 'originatePack',
26 silly mapToRegistry   rawSpec: '',
26 silly mapToRegistry   spec: 'latest',
26 silly mapToRegistry   type: 'tag' }
27 silly mapToRegistry uri https://registry.npmjs.org/originatePack
28 verbose publish registryBase https://registry.npmjs.org/
29 silly publish uploading C:\Users\tehai\AppData\Roaming\npm-cache\originatePack\0.0.4\package.tgz
30 verbose request uri https://registry.npmjs.org/originatePack
31 verbose request sending authorization for write operation
32 info attempt registry request try #1 at 02:14:14
33 verbose request using bearer token for auth
34 verbose request id 7a559dc12028c4ee
35 http request PUT https://registry.npmjs.org/originatePack
36 http 400 https://registry.npmjs.org/originatePack
37 verbose headers { 'content-type': 'application/json',
37 verbose headers   'cache-control': 'max-age=300',
37 verbose headers   'content-length': '55',
37 verbose headers   'accept-ranges': 'bytes',
37 verbose headers   date: 'Tue, 17 Jan 2017 01:14:16 GMT',
37 verbose headers   via: '1.1 varnish',
37 verbose headers   connection: 'keep-alive',
37 verbose headers   'x-served-by': 'cache-ams4451-AMS',
37 verbose headers   'x-cache': 'MISS',
37 verbose headers   'x-cache-hits': '0',
37 verbose headers   'x-timer': 'S1484615655.301205,VS0,VE839',
37 verbose headers   vary: 'Accept-Encoding' }
38 verbose request invalidating C:\Users\tehai\AppData\Roaming\npm-cache\registry.npmjs.org\originatePack on PUT
39 error publish Failed PUT 400
40 verbose stack Error: "name must be lower case" : originatePack
40 verbose stack     at makeError (C:\Program Files\nodejs\node_modules\npm\node_modules\npm-registry-client\lib\request.js:302:12)
40 verbose stack     at CachingRegistryClient.<anonymous> (C:\Program Files\nodejs\node_modules\npm\node_modules\npm-registry-client\lib\request.js:290:14)
40 verbose stack     at Request._callback (C:\Program Files\nodejs\node_modules\npm\node_modules\npm-registry-client\lib\request.js:210:14)
40 verbose stack     at Request.self.callback (C:\Program Files\nodejs\node_modules\npm\node_modules\request\request.js:187:22)
40 verbose stack     at emitTwo (events.js:106:13)
40 verbose stack     at Request.emit (events.js:191:7)
40 verbose stack     at Request.<anonymous> (C:\Program Files\nodejs\node_modules\npm\node_modules\request\request.js:1044:10)
40 verbose stack     at emitOne (events.js:96:13)
40 verbose stack     at Request.emit (events.js:188:7)
40 verbose stack     at IncomingMessage.<anonymous> (C:\Program Files\nodejs\node_modules\npm\node_modules\request\request.js:965:12)
41 verbose statusCode 400
42 verbose pkgid originatePack
43 verbose cwd D:\Dokumenty\_Freelancing\___dev_projects\originatePack
44 error Windows_NT 10.0.14393
45 error argv "C:\\Program Files\\nodejs\\node.exe" "C:\\Program Files\\nodejs\\node_modules\\npm\\bin\\npm-cli.js" "publish"
46 error node v6.9.1
47 error npm  v3.10.8
48 error code E400
49 error "name must be lower case" : originatePack
50 error If you need help, you may report this error at:
50 error     <https://github.com/npm/npm/issues>
51 verbose exit [ 1, true ]
